<?xml version="1.0" encoding="UTF-8"?>
<testsuites name="jest tests" tests="1713" failures="3" errors="0" time="64.294">
  <testsuite name="TenantMiddleware" errors="0" failures="0" skipped="0" timestamp="2026-01-22T12:25:21" time="0.594" tests="13">
    <testcase classname="TenantMiddleware should be defined" name="TenantMiddleware should be defined" time="0.004">
    </testcase>
    <testcase classname="TenantMiddleware use should extract tenantId from JWT" name="TenantMiddleware use should extract tenantId from JWT" time="0.001">
    </testcase>
    <testcase classname="TenantMiddleware use should extract tenantId from hostname (uuid)" name="TenantMiddleware use should extract tenantId from hostname (uuid)" time="0.001">
    </testcase>
    <testcase classname="TenantMiddleware use should extract tenantId from hostname (slug)" name="TenantMiddleware use should extract tenantId from hostname (slug)" time="0.001">
    </testcase>
    <testcase classname="TenantMiddleware use should skip if no tenantId found" name="TenantMiddleware use should skip if no tenantId found" time="0">
    </testcase>
    <testcase classname="TenantMiddleware use should call next if extraction fails" name="TenantMiddleware use should call next if extraction fails" time="0.001">
    </testcase>
    <testcase classname="TenantMiddleware use should handle reserved subdomains" name="TenantMiddleware use should handle reserved subdomains" time="0.001">
    </testcase>
    <testcase classname="TenantMiddleware use should handle too short hostnames" name="TenantMiddleware use should handle too short hostnames" time="0">
    </testcase>
    <testcase classname="TenantMiddleware use should handle unallowed domains" name="TenantMiddleware use should handle unallowed domains" time="0">
    </testcase>
    <testcase classname="TenantMiddleware use should handle resolution errors gracefully" name="TenantMiddleware use should handle resolution errors gracefully" time="0.001">
    </testcase>
    <testcase classname="TenantMiddleware use should handle uuid resolution errors gracefully" name="TenantMiddleware use should handle uuid resolution errors gracefully" time="0">
    </testcase>
    <testcase classname="TenantMiddleware use should extract RS256 token" name="TenantMiddleware use should extract RS256 token" time="0.001">
    </testcase>
    <testcase classname="TenantMiddleware use should throw if RS256 configured but no key" name="TenantMiddleware use should throw if RS256 configured but no key" time="0">
    </testcase>
  </testsuite>
  <testsuite name="MFAController" errors="0" failures="0" skipped="0" timestamp="2026-01-22T12:25:21" time="0.638" tests="17">
    <testcase classname="MFAController setupMFA should initialize MFA setup and return QR code and backup codes" name="MFAController setupMFA should initialize MFA setup and return QR code and backup codes" time="0.006">
    </testcase>
    <testcase classname="MFAController setupMFA should save secret and recovery codes to user" name="MFAController setupMFA should save secret and recovery codes to user" time="0.001">
    </testcase>
    <testcase classname="MFAController setupMFA should throw error if user not found" name="MFAController setupMFA should throw error if user not found" time="0.006">
    </testcase>
    <testcase classname="MFAController verifyAndEnableMFA should verify MFA code and enable MFA" name="MFAController verifyAndEnableMFA should verify MFA code and enable MFA" time="0.001">
    </testcase>
    <testcase classname="MFAController verifyAndEnableMFA should throw error if user has no MFA secret" name="MFAController verifyAndEnableMFA should throw error if user has no MFA secret" time="0.001">
    </testcase>
    <testcase classname="MFAController verifyAndEnableMFA should reject invalid MFA code" name="MFAController verifyAndEnableMFA should reject invalid MFA code" time="0">
    </testcase>
    <testcase classname="MFAController disableMFA should disable MFA with valid reason" name="MFAController disableMFA should disable MFA with valid reason" time="0.001">
    </testcase>
    <testcase classname="MFAController disableMFA should throw error if user not found" name="MFAController disableMFA should throw error if user not found" time="0">
    </testcase>
    <testcase classname="MFAController verifyMFALogin should verify TOTP code for login" name="MFAController verifyMFALogin should verify TOTP code for login" time="0">
    </testcase>
    <testcase classname="MFAController verifyMFALogin should verify backup code for login" name="MFAController verifyMFALogin should verify backup code for login" time="0.001">
    </testcase>
    <testcase classname="MFAController verifyMFALogin should reject invalid TOTP and backup code" name="MFAController verifyMFALogin should reject invalid TOTP and backup code" time="0">
    </testcase>
    <testcase classname="MFAController verifyMFALogin should throw error if user not found" name="MFAController verifyMFALogin should throw error if user not found" time="0.001">
    </testcase>
    <testcase classname="MFAController getBackupCodes should return backup codes count" name="MFAController getBackupCodes should return backup codes count" time="0">
    </testcase>
    <testcase classname="MFAController getBackupCodes should return empty array if no backup codes" name="MFAController getBackupCodes should return empty array if no backup codes" time="0.001">
    </testcase>
    <testcase classname="MFAController getBackupCodes should throw error if user not found" name="MFAController getBackupCodes should throw error if user not found" time="0">
    </testcase>
    <testcase classname="MFAController regenerateBackupCodes should generate new backup codes" name="MFAController regenerateBackupCodes should generate new backup codes" time="0.001">
    </testcase>
    <testcase classname="MFAController regenerateBackupCodes should throw error if user not found" name="MFAController regenerateBackupCodes should throw error if user not found" time="0">
    </testcase>
  </testsuite>
  <testsuite name="MockPaymentGatewayService" errors="0" failures="0" skipped="0" timestamp="2026-01-22T12:25:22" time="1.546" tests="4">
    <testcase classname="MockPaymentGatewayService should be defined" name="MockPaymentGatewayService should be defined" time="0.001">
    </testcase>
    <testcase classname="MockPaymentGatewayService triggerPayout should return success for valid payout" name="MockPaymentGatewayService triggerPayout should return success for valid payout" time="0.503">
    </testcase>
    <testcase classname="MockPaymentGatewayService triggerPayout should return failure when simulating 5% failure rate" name="MockPaymentGatewayService triggerPayout should return failure when simulating 5% failure rate" time="0.503">
    </testcase>
    <testcase classname="MockPaymentGatewayService triggerPayout should include amount in log" name="MockPaymentGatewayService triggerPayout should include amount in log" time="0.503">
    </testcase>
  </testsuite>
  <testsuite name="AuthService - Comprehensive Tests" errors="0" failures="0" skipped="0" timestamp="2026-01-22T12:25:22" time="1.855" tests="31">
    <testcase classname="AuthService - Comprehensive Tests register should register new user and return auth response" name="AuthService - Comprehensive Tests register should register new user and return auth response" time="0.05">
    </testcase>
    <testcase classname="AuthService - Comprehensive Tests register should create user with ADMIN role when specified" name="AuthService - Comprehensive Tests register should create user with ADMIN role when specified" time="0.048">
    </testcase>
    <testcase classname="AuthService - Comprehensive Tests register should fail registration if verification email cannot be sent" name="AuthService - Comprehensive Tests register should fail registration if verification email cannot be sent" time="0.054">
    </testcase>
    <testcase classname="AuthService - Comprehensive Tests register should throw ConflictException if user already exists" name="AuthService - Comprehensive Tests register should throw ConflictException if user already exists" time="0.051">
    </testcase>
    <testcase classname="AuthService - Comprehensive Tests register should throw ConflictException if tenant/slug already exists" name="AuthService - Comprehensive Tests register should throw ConflictException if tenant/slug already exists" time="0.048">
    </testcase>
    <testcase classname="AuthService - Comprehensive Tests login should return auth response for valid credentials" name="AuthService - Comprehensive Tests login should return auth response for valid credentials" time="0.048">
    </testcase>
    <testcase classname="AuthService - Comprehensive Tests login should not fail login if suspicious activity check fails" name="AuthService - Comprehensive Tests login should not fail login if suspicious activity check fails" time="0.05">
    </testcase>
    <testcase classname="AuthService - Comprehensive Tests login should not fail login if new device check fails" name="AuthService - Comprehensive Tests login should not fail login if new device check fails" time="0.049">
    </testcase>
    <testcase classname="AuthService - Comprehensive Tests login should throw UnauthorizedException for non-existent email" name="AuthService - Comprehensive Tests login should throw UnauthorizedException for non-existent email" time="0.099">
    </testcase>
    <testcase classname="AuthService - Comprehensive Tests login should throw UnauthorizedException for incorrect password" name="AuthService - Comprehensive Tests login should throw UnauthorizedException for incorrect password" time="0.048">
    </testcase>
    <testcase classname="AuthService - Comprehensive Tests login should throw UnauthorizedException for inactive user" name="AuthService - Comprehensive Tests login should throw UnauthorizedException for inactive user" time="0.049">
    </testcase>
    <testcase classname="AuthService - Comprehensive Tests login should return requiresMfa challenge if MFA is enabled but no code provided" name="AuthService - Comprehensive Tests login should return requiresMfa challenge if MFA is enabled but no code provided" time="0.048">
    </testcase>
    <testcase classname="AuthService - Comprehensive Tests validateUser should return user for valid payload" name="AuthService - Comprehensive Tests validateUser should return user for valid payload" time="0.048">
    </testcase>
    <testcase classname="AuthService - Comprehensive Tests validateUser should throw UnauthorizedException for tenant mismatch" name="AuthService - Comprehensive Tests validateUser should throw UnauthorizedException for tenant mismatch" time="0.049">
    </testcase>
    <testcase classname="AuthService - Comprehensive Tests validateUser should throw UnauthorizedException for non-existent user" name="AuthService - Comprehensive Tests validateUser should throw UnauthorizedException for non-existent user" time="0.048">
    </testcase>
    <testcase classname="AuthService - Comprehensive Tests logout should revoke specific token" name="AuthService - Comprehensive Tests logout should revoke specific token" time="0.048">
    </testcase>
    <testcase classname="AuthService - Comprehensive Tests logout should revoke all tokens when no specific token provided" name="AuthService - Comprehensive Tests logout should revoke all tokens when no specific token provided" time="0.048">
    </testcase>
    <testcase classname="AuthService - Comprehensive Tests logoutAllSessions should revoke all active tokens" name="AuthService - Comprehensive Tests logoutAllSessions should revoke all active tokens" time="0.049">
    </testcase>
    <testcase classname="AuthService - Comprehensive Tests getActiveSessions should return non-revoked non-expired sessions" name="AuthService - Comprehensive Tests getActiveSessions should return non-revoked non-expired sessions" time="0.048">
    </testcase>
    <testcase classname="AuthService - Comprehensive Tests cleanupExpiredTokens should delete expired tokens" name="AuthService - Comprehensive Tests cleanupExpiredTokens should delete expired tokens" time="0.048">
    </testcase>
    <testcase classname="AuthService - Comprehensive Tests MFA should generate MFA secret" name="AuthService - Comprehensive Tests MFA should generate MFA secret" time="0.048">
    </testcase>
    <testcase classname="AuthService - Comprehensive Tests MFA should enable MFA with valid token" name="AuthService - Comprehensive Tests MFA should enable MFA with valid token" time="0.049">
    </testcase>
    <testcase classname="AuthService - Comprehensive Tests MFA should throw if MFA token invalid" name="AuthService - Comprehensive Tests MFA should throw if MFA token invalid" time="0.048">
    </testcase>
    <testcase classname="AuthService - Comprehensive Tests MFA should disable MFA" name="AuthService - Comprehensive Tests MFA should disable MFA" time="0.048">
    </testcase>
    <testcase classname="AuthService - Comprehensive Tests Email Verification should verify email with valid token" name="AuthService - Comprehensive Tests Email Verification should verify email with valid token" time="0.049">
    </testcase>
    <testcase classname="AuthService - Comprehensive Tests Email Verification should throw UnauthorizedException if token invalid" name="AuthService - Comprehensive Tests Email Verification should throw UnauthorizedException if token invalid" time="0.049">
    </testcase>
    <testcase classname="AuthService - Comprehensive Tests Email Verification should throw UnauthorizedException if token expired" name="AuthService - Comprehensive Tests Email Verification should throw UnauthorizedException if token expired" time="0.051">
    </testcase>
    <testcase classname="AuthService - Comprehensive Tests Forgot Password should delegate to PasswordService" name="AuthService - Comprehensive Tests Forgot Password should delegate to PasswordService" time="0.05">
    </testcase>
    <testcase classname="AuthService - Comprehensive Tests Reset Password should delegate to PasswordService with logout callback" name="AuthService - Comprehensive Tests Reset Password should delegate to PasswordService with logout callback" time="0.05">
    </testcase>
    <testcase classname="AuthService - Comprehensive Tests Edge Cases should throw UnauthorizedException if user is inactive in validateUser" name="AuthService - Comprehensive Tests Edge Cases should throw UnauthorizedException if user is inactive in validateUser" time="0.049">
    </testcase>
    <testcase classname="AuthService - Comprehensive Tests Edge Cases should throw UnauthorizedException if account is locked out" name="AuthService - Comprehensive Tests Edge Cases should throw UnauthorizedException if account is locked out" time="0.05">
    </testcase>
  </testsuite>
  <testsuite name="EncryptionService" errors="0" failures="0" skipped="0" timestamp="2026-01-22T12:25:23" time="0.589" tests="11">
    <testcase classname="EncryptionService encrypt and decrypt should encrypt and decrypt a string correctly" name="EncryptionService encrypt and decrypt should encrypt and decrypt a string correctly" time="0.041">
    </testcase>
    <testcase classname="EncryptionService encrypt and decrypt should produce different ciphertexts for same plaintext (random IV)" name="EncryptionService encrypt and decrypt should produce different ciphertexts for same plaintext (random IV)" time="0.037">
    </testcase>
    <testcase classname="EncryptionService encrypt and decrypt should handle special characters" name="EncryptionService encrypt and decrypt should handle special characters" time="0.037">
    </testcase>
    <testcase classname="EncryptionService encrypt and decrypt should handle unicode characters" name="EncryptionService encrypt and decrypt should handle unicode characters" time="0.035">
    </testcase>
    <testcase classname="EncryptionService encrypt and decrypt should handle empty string" name="EncryptionService encrypt and decrypt should handle empty string" time="0.036">
    </testcase>
    <testcase classname="EncryptionService encrypt and decrypt should throw on invalid ciphertext format" name="EncryptionService encrypt and decrypt should throw on invalid ciphertext format" time="0.04">
    </testcase>
    <testcase classname="EncryptionService isEncrypted should return true for encrypted strings" name="EncryptionService isEncrypted should return true for encrypted strings" time="0.042">
    </testcase>
    <testcase classname="EncryptionService isEncrypted should return false for plain strings" name="EncryptionService isEncrypted should return false for plain strings" time="0.043">
    </testcase>
    <testcase classname="EncryptionService key rotation and multi-key support should decrypt data encrypted with a previous key version" name="EncryptionService key rotation and multi-key support should decrypt data encrypted with a previous key version" time="0.113">
    </testcase>
    <testcase classname="EncryptionService key rotation and multi-key support should support legacy unversioned decryption using available keys" name="EncryptionService key rotation and multi-key support should support legacy unversioned decryption using available keys" time="0.092">
    </testcase>
    <testcase classname="EncryptionService without encryption key should log warning when ENCRYPTION_KEY is not set" name="EncryptionService without encryption key should log warning when ENCRYPTION_KEY is not set" time="0.039">
    </testcase>
  </testsuite>
  <testsuite name="PasswordHashService" errors="0" failures="0" skipped="0" timestamp="2026-01-22T12:25:23" time="0.542" tests="12">
    <testcase classname="PasswordHashService hash should hash a password using Argon2id" name="PasswordHashService hash should hash a password using Argon2id" time="0.027">
    </testcase>
    <testcase classname="PasswordHashService hash should produce different hashes for the same password" name="PasswordHashService hash should produce different hashes for the same password" time="0.049">
    </testcase>
    <testcase classname="PasswordHashService verify should verify a correct password" name="PasswordHashService verify should verify a correct password" time="0.049">
    </testcase>
    <testcase classname="PasswordHashService verify should reject an incorrect password" name="PasswordHashService verify should reject an incorrect password" time="0.048">
    </testcase>
    <testcase classname="PasswordHashService verify should return false for invalid hash format" name="PasswordHashService verify should return false for invalid hash format" time="0.001">
    </testcase>
    <testcase classname="PasswordHashService verifyAndUpgrade should verify Argon2id hash without generating upgrade" name="PasswordHashService verifyAndUpgrade should verify Argon2id hash without generating upgrade" time="0.048">
    </testcase>
    <testcase classname="PasswordHashService verifyAndUpgrade should reject incorrect password for Argon2id hash" name="PasswordHashService verifyAndUpgrade should reject incorrect password for Argon2id hash" time="0.049">
    </testcase>
    <testcase classname="PasswordHashService verifyAndUpgrade should verify bcrypt hash and provide upgrade hash" name="PasswordHashService verifyAndUpgrade should verify bcrypt hash and provide upgrade hash" time="0.125">
    </testcase>
    <testcase classname="PasswordHashService verifyAndUpgrade should reject incorrect password for bcrypt hash" name="PasswordHashService verifyAndUpgrade should reject incorrect password for bcrypt hash" time="0.102">
    </testcase>
    <testcase classname="PasswordHashService verifyAndUpgrade should return invalid for unknown hash format" name="PasswordHashService verifyAndUpgrade should return invalid for unknown hash format" time="0">
    </testcase>
    <testcase classname="PasswordHashService needsUpgrade should return true for bcrypt hashes" name="PasswordHashService needsUpgrade should return true for bcrypt hashes" time="0">
    </testcase>
    <testcase classname="PasswordHashService needsUpgrade should return false for Argon2id hashes" name="PasswordHashService needsUpgrade should return false for Argon2id hashes" time="0.024">
    </testcase>
  </testsuite>
  <testsuite name="MfaService" errors="0" failures="0" skipped="0" timestamp="2026-01-22T12:25:24" time="0.342" tests="5">
    <testcase classname="MfaService should be defined" name="MfaService should be defined" time="0.002">
    </testcase>
    <testcase classname="MfaService generateMfaSecret should generate a secret and qr code" name="MfaService generateMfaSecret should generate a secret and qr code" time="0.225">
    </testcase>
    <testcase classname="MfaService enableMfa should enable MFA if code is valid" name="MfaService enableMfa should enable MFA if code is valid" time="0.001">
    </testcase>
    <testcase classname="MfaService enableMfa should throw Unauthorized if code is invalid" name="MfaService enableMfa should throw Unauthorized if code is invalid" time="0.004">
    </testcase>
    <testcase classname="MfaService generateRecoveryCodes should generate and hash recovery codes" name="MfaService generateRecoveryCodes should generate and hash recovery codes" time="0.001">
    </testcase>
  </testsuite>
  <testsuite name="HrController" errors="0" failures="0" skipped="0" timestamp="2026-01-22T12:25:24" time="0.268" tests="8">
    <testcase classname="HrController should be defined" name="HrController should be defined" time="0.002">
    </testcase>
    <testcase classname="HrController createProfile should call service.createProfile" name="HrController createProfile should call service.createProfile" time="0.001">
    </testcase>
    <testcase classname="HrController findAllProfiles should call service.findAllProfiles" name="HrController findAllProfiles should call service.findAllProfiles" time="0.001">
    </testcase>
    <testcase classname="HrController findOne should call service.findProfileById" name="HrController findOne should call service.findProfileById" time="0">
    </testcase>
    <testcase classname="HrController findByUserId should call service.findProfileByUserId" name="HrController findByUserId should call service.findProfileByUserId" time="0.001">
    </testcase>
    <testcase classname="HrController update should call service.updateProfile" name="HrController update should call service.updateProfile" time="0">
    </testcase>
    <testcase classname="HrController remove should call service.deleteProfile" name="HrController remove should call service.deleteProfile" time="0.001">
    </testcase>
    <testcase classname="HrController runPayroll should call service.runPayroll" name="HrController runPayroll should call service.runPayroll" time="0">
    </testcase>
  </testsuite>
  <testsuite name="PrivacyController" errors="0" failures="0" skipped="0" timestamp="2026-01-22T12:25:24" time="0.219" tests="11">
    <testcase classname="PrivacyController should be defined" name="PrivacyController should be defined" time="0.002">
    </testcase>
    <testcase classname="PrivacyController createRequest should create a privacy request" name="PrivacyController createRequest should create a privacy request" time="0.001">
    </testcase>
    <testcase classname="PrivacyController getMyRequests should return user privacy requests" name="PrivacyController getMyRequests should return user privacy requests" time="0">
    </testcase>
    <testcase classname="PrivacyController getRequest should return a specific privacy request" name="PrivacyController getRequest should return a specific privacy request" time="0.001">
    </testcase>
    <testcase classname="PrivacyController cancelRequest should cancel a pending privacy request" name="PrivacyController cancelRequest should cancel a pending privacy request" time="0">
    </testcase>
    <testcase classname="PrivacyController processExport should process a data export request" name="PrivacyController processExport should process a data export request" time="0.001">
    </testcase>
    <testcase classname="PrivacyController processDeletion should process a data deletion request" name="PrivacyController processDeletion should process a data deletion request" time="0">
    </testcase>
    <testcase classname="PrivacyController getPendingRequests should return all pending privacy requests" name="PrivacyController getPendingRequests should return all pending privacy requests" time="0.001">
    </testcase>
    <testcase classname="PrivacyController getConsents should return user consents" name="PrivacyController getConsents should return user consents" time="0">
    </testcase>
    <testcase classname="PrivacyController grantConsent should grant consent" name="PrivacyController grantConsent should grant consent" time="0.001">
    </testcase>
    <testcase classname="PrivacyController revokeConsent should revoke consent" name="PrivacyController revokeConsent should revoke consent" time="0">
    </testcase>
  </testsuite>
  <testsuite name="MediaController" errors="0" failures="0" skipped="0" timestamp="2026-01-22T12:25:24" time="0.19" tests="30">
    <testcase classname="MediaController should be defined" name="MediaController should be defined" time="0.001">
    </testcase>
    <testcase classname="MediaController uploadFile should upload a file" name="MediaController uploadFile should upload a file" time="0.001">
    </testcase>
    <testcase classname="MediaController uploadFile should upload a file with minimal dto" name="MediaController uploadFile should upload a file with minimal dto" time="0.001">
    </testcase>
    <testcase classname="MediaController getPresignedUploadUrl should return presigned url" name="MediaController getPresignedUploadUrl should return presigned url" time="0.001">
    </testcase>
    <testcase classname="MediaController getPresignedUploadUrl should return presigned url with optional fields" name="MediaController getPresignedUploadUrl should return presigned url with optional fields" time="0">
    </testcase>
    <testcase classname="MediaController confirmUpload should return confirmed attachment" name="MediaController confirmUpload should return confirmed attachment" time="0">
    </testcase>
    <testcase classname="MediaController create should create attachment link" name="MediaController create should create attachment link" time="0.001">
    </testcase>
    <testcase classname="MediaController create should propagate errors" name="MediaController create should propagate errors" time="0.004">
    </testcase>
    <testcase classname="MediaController findAll should return all attachments" name="MediaController findAll should return all attachments" time="0">
    </testcase>
    <testcase classname="MediaController findAll should propagate errors" name="MediaController findAll should propagate errors" time="0.001">
    </testcase>
    <testcase classname="MediaController findOne should return one attachment" name="MediaController findOne should return one attachment" time="0">
    </testcase>
    <testcase classname="MediaController findOne should propagate errors" name="MediaController findOne should propagate errors" time="0.001">
    </testcase>
    <testcase classname="MediaController getDownloadUrl should return download url" name="MediaController getDownloadUrl should return download url" time="0">
    </testcase>
    <testcase classname="MediaController getDownloadUrl should propagate errors" name="MediaController getDownloadUrl should propagate errors" time="0.001">
    </testcase>
    <testcase classname="MediaController findByBooking should return attachments for booking" name="MediaController findByBooking should return attachments for booking" time="0">
    </testcase>
    <testcase classname="MediaController findByBooking should propagate errors" name="MediaController findByBooking should propagate errors" time="0">
    </testcase>
    <testcase classname="MediaController findByTask should return attachments for task" name="MediaController findByTask should return attachments for task" time="0.001">
    </testcase>
    <testcase classname="MediaController findByTask should propagate errors" name="MediaController findByTask should propagate errors" time="0">
    </testcase>
    <testcase classname="MediaController remove should remove attachment" name="MediaController remove should remove attachment" time="0.001">
    </testcase>
    <testcase classname="MediaController remove should propagate errors" name="MediaController remove should propagate errors" time="0">
    </testcase>
    <testcase classname="MediaController Edge Case / Branch Coverage should handle missing file in uploadFile gracefully" name="MediaController Edge Case / Branch Coverage should handle missing file in uploadFile gracefully" time="0">
    </testcase>
    <testcase classname="MediaController Edge Case / Branch Coverage should handle undefined dto in uploadFile" name="MediaController Edge Case / Branch Coverage should handle undefined dto in uploadFile" time="0.001">
    </testcase>
    <testcase classname="MediaController Edge Case / Branch Coverage should handle undefined dto in getPresignedUploadUrl" name="MediaController Edge Case / Branch Coverage should handle undefined dto in getPresignedUploadUrl" time="0">
    </testcase>
    <testcase classname="MediaController Edge Case / Branch Coverage should handle undefined args in confirmUpload" name="MediaController Edge Case / Branch Coverage should handle undefined args in confirmUpload" time="0">
    </testcase>
    <testcase classname="MediaController Edge Case / Branch Coverage should handle undefined dto in create" name="MediaController Edge Case / Branch Coverage should handle undefined dto in create" time="0.001">
    </testcase>
    <testcase classname="MediaController Edge Case / Branch Coverage should handle undefined id in findOne" name="MediaController Edge Case / Branch Coverage should handle undefined id in findOne" time="0">
    </testcase>
    <testcase classname="MediaController Edge Case / Branch Coverage should handle undefined id in getDownloadUrl" name="MediaController Edge Case / Branch Coverage should handle undefined id in getDownloadUrl" time="0">
    </testcase>
    <testcase classname="MediaController Edge Case / Branch Coverage should handle undefined id in findByBooking" name="MediaController Edge Case / Branch Coverage should handle undefined id in findByBooking" time="0.001">
    </testcase>
    <testcase classname="MediaController Edge Case / Branch Coverage should handle undefined id in findByTask" name="MediaController Edge Case / Branch Coverage should handle undefined id in findByTask" time="0">
    </testcase>
    <testcase classname="MediaController Edge Case / Branch Coverage should handle undefined id in remove" name="MediaController Edge Case / Branch Coverage should handle undefined id in remove" time="0">
    </testcase>
  </testsuite>
  <testsuite name="TasksService - Comprehensive Tests" errors="0" failures="0" skipped="0" timestamp="2026-01-22T12:25:24" time="0.228" tests="38">
    <testcase classname="TasksService - Comprehensive Tests findAll scopes findAll() by tenantId" name="TasksService - Comprehensive Tests findAll scopes findAll() by tenantId" time="0.002">
    </testcase>
    <testcase classname="TasksService - Comprehensive Tests findAll should return all tasks with relations" name="TasksService - Comprehensive Tests findAll should return all tasks with relations" time="0.001">
    </testcase>
    <testcase classname="TasksService - Comprehensive Tests findAll should return empty array when no tasks exist" name="TasksService - Comprehensive Tests findAll should return empty array when no tasks exist" time="0">
    </testcase>
    <testcase classname="TasksService - Comprehensive Tests findAll should return multiple tasks" name="TasksService - Comprehensive Tests findAll should return multiple tasks" time="0.001">
    </testcase>
    <testcase classname="TasksService - Comprehensive Tests findOne should return task by valid id" name="TasksService - Comprehensive Tests findOne should return task by valid id" time="0">
    </testcase>
    <testcase classname="TasksService - Comprehensive Tests findOne should throw NotFoundException for invalid id" name="TasksService - Comprehensive Tests findOne should throw NotFoundException for invalid id" time="0.007">
    </testcase>
    <testcase classname="TasksService - Comprehensive Tests findByBooking should return tasks for a booking" name="TasksService - Comprehensive Tests findByBooking should return tasks for a booking" time="0.001">
    </testcase>
    <testcase classname="TasksService - Comprehensive Tests findByBooking should clamp limit to max 100" name="TasksService - Comprehensive Tests findByBooking should clamp limit to max 100" time="0.001">
    </testcase>
    <testcase classname="TasksService - Comprehensive Tests findByBooking should clamp limit to min 1" name="TasksService - Comprehensive Tests findByBooking should clamp limit to min 1" time="0">
    </testcase>
    <testcase classname="TasksService - Comprehensive Tests findByBooking should return empty array for booking with no tasks" name="TasksService - Comprehensive Tests findByBooking should return empty array for booking with no tasks" time="0">
    </testcase>
    <testcase classname="TasksService - Comprehensive Tests findByUser should return tasks assigned to user" name="TasksService - Comprehensive Tests findByUser should return tasks assigned to user" time="0">
    </testcase>
    <testcase classname="TasksService - Comprehensive Tests findByUser should clamp limit to max 100" name="TasksService - Comprehensive Tests findByUser should clamp limit to max 100" time="0">
    </testcase>
    <testcase classname="TasksService - Comprehensive Tests findByUser should clamp limit to min 1" name="TasksService - Comprehensive Tests findByUser should clamp limit to min 1" time="0.001">
    </testcase>
    <testcase classname="TasksService - Comprehensive Tests findByUser should return empty array for user with no tasks" name="TasksService - Comprehensive Tests findByUser should return empty array for user with no tasks" time="0">
    </testcase>
    <testcase classname="TasksService - Comprehensive Tests update should update task notes" name="TasksService - Comprehensive Tests update should update task notes" time="0.001">
    </testcase>
    <testcase classname="TasksService - Comprehensive Tests update should update task due date" name="TasksService - Comprehensive Tests update should update task due date" time="0">
    </testcase>
    <testcase classname="TasksService - Comprehensive Tests update should reject reassignment via update" name="TasksService - Comprehensive Tests update should reject reassignment via update" time="0.001">
    </testcase>
    <testcase classname="TasksService - Comprehensive Tests update should throw NotFoundException for non-existent task" name="TasksService - Comprehensive Tests update should throw NotFoundException for non-existent task" time="0">
    </testcase>
    <testcase classname="TasksService - Comprehensive Tests assignTask should assign task to user" name="TasksService - Comprehensive Tests assignTask should assign task to user" time="0.001">
    </testcase>
    <testcase classname="TasksService - Comprehensive Tests assignTask should reassign task to different user" name="TasksService - Comprehensive Tests assignTask should reassign task to different user" time="0.001">
    </testcase>
    <testcase classname="TasksService - Comprehensive Tests assignTask should throw NotFoundException for non-existent task" name="TasksService - Comprehensive Tests assignTask should throw NotFoundException for non-existent task" time="0">
    </testcase>
    <testcase classname="TasksService - Comprehensive Tests startTask should start pending task" name="TasksService - Comprehensive Tests startTask should start pending task" time="0.001">
    </testcase>
    <testcase classname="TasksService - Comprehensive Tests startTask should reject starting in-progress task" name="TasksService - Comprehensive Tests startTask should reject starting in-progress task" time="0.001">
    </testcase>
    <testcase classname="TasksService - Comprehensive Tests startTask should reject starting completed task" name="TasksService - Comprehensive Tests startTask should reject starting completed task" time="0">
    </testcase>
    <testcase classname="TasksService - Comprehensive Tests startTask should throw NotFoundException for non-existent task" name="TasksService - Comprehensive Tests startTask should throw NotFoundException for non-existent task" time="0.001">
    </testcase>
    <testcase classname="TasksService - Comprehensive Tests startTask should forbid field staff from starting unassigned task" name="TasksService - Comprehensive Tests startTask should forbid field staff from starting unassigned task" time="0">
    </testcase>
    <testcase classname="TasksService - Comprehensive Tests startTask should forbid field staff from starting someone else&apos;s task" name="TasksService - Comprehensive Tests startTask should forbid field staff from starting someone else&apos;s task" time="0.001">
    </testcase>
    <testcase classname="TasksService - Comprehensive Tests startTask should allow field staff to start own assigned task" name="TasksService - Comprehensive Tests startTask should allow field staff to start own assigned task" time="0">
    </testcase>
    <testcase classname="TasksService - Comprehensive Tests completeTask should complete in-progress task and accrue commission" name="TasksService - Comprehensive Tests completeTask should complete in-progress task and accrue commission" time="0.001">
    </testcase>
    <testcase classname="TasksService - Comprehensive Tests completeTask should complete pending task and accrue commission" name="TasksService - Comprehensive Tests completeTask should complete pending task and accrue commission" time="0">
    </testcase>
    <testcase classname="TasksService - Comprehensive Tests completeTask should reject completing already completed task" name="TasksService - Comprehensive Tests completeTask should reject completing already completed task" time="0.001">
    </testcase>
    <testcase classname="TasksService - Comprehensive Tests completeTask should reject completing unassigned task" name="TasksService - Comprehensive Tests completeTask should reject completing unassigned task" time="0">
    </testcase>
    <testcase classname="TasksService - Comprehensive Tests completeTask should handle zero commission task" name="TasksService - Comprehensive Tests completeTask should handle zero commission task" time="0.001">
    </testcase>
    <testcase classname="TasksService - Comprehensive Tests completeTask should set completedAt timestamp" name="TasksService - Comprehensive Tests completeTask should set completedAt timestamp" time="0">
    </testcase>
    <testcase classname="TasksService - Comprehensive Tests completeTask should rollback on wallet update failure" name="TasksService - Comprehensive Tests completeTask should rollback on wallet update failure" time="0.001">
    </testcase>
    <testcase classname="TasksService - Comprehensive Tests completeTask should throw NotFoundException for non-existent task" name="TasksService - Comprehensive Tests completeTask should throw NotFoundException for non-existent task" time="0">
    </testcase>
    <testcase classname="TasksService - Comprehensive Tests completeTask should handle high commission amount" name="TasksService - Comprehensive Tests completeTask should handle high commission amount" time="0.001">
    </testcase>
    <testcase classname="TasksService - Comprehensive Tests completeTask should forbid field staff from completing someone else&apos;s task" name="TasksService - Comprehensive Tests completeTask should forbid field staff from completing someone else&apos;s task" time="0">
    </testcase>
  </testsuite>
  <testsuite name="DistributedLockService" errors="0" failures="0" skipped="0" timestamp="2026-01-22T12:25:24" time="0.156" tests="16">
    <testcase classname="DistributedLockService acquire should acquire lock successfully and return token" name="DistributedLockService acquire should acquire lock successfully and return token" time="0.002">
    </testcase>
    <testcase classname="DistributedLockService acquire should return acquired=false when lock already held" name="DistributedLockService acquire should return acquired=false when lock already held" time="0.001">
    </testcase>
    <testcase classname="DistributedLockService acquire should use custom TTL when provided" name="DistributedLockService acquire should use custom TTL when provided" time="0.001">
    </testcase>
    <testcase classname="DistributedLockService release should release lock when token matches" name="DistributedLockService release should release lock when token matches" time="0.01">
    </testcase>
    <testcase classname="DistributedLockService release should not release lock when token does not match" name="DistributedLockService release should not release lock when token does not match" time="0.001">
    </testcase>
    <testcase classname="DistributedLockService extend should extend lock ttl when token matches" name="DistributedLockService extend should extend lock ttl when token matches" time="0">
    </testcase>
    <testcase classname="DistributedLockService extend should not extend when token does not match" name="DistributedLockService extend should not extend when token does not match" time="0.001">
    </testcase>
    <testcase classname="DistributedLockService acquireWithRetry should acquire lock on first attempt" name="DistributedLockService acquireWithRetry should acquire lock on first attempt" time="0">
    </testcase>
    <testcase classname="DistributedLockService acquireWithRetry should retry and acquire on subsequent attempt" name="DistributedLockService acquireWithRetry should retry and acquire on subsequent attempt" time="0.044">
    </testcase>
    <testcase classname="DistributedLockService acquireWithRetry should return null after all retries exhausted" name="DistributedLockService acquireWithRetry should return null after all retries exhausted" time="0.047">
    </testcase>
    <testcase classname="DistributedLockService withLock should execute callback when lock acquired" name="DistributedLockService withLock should execute callback when lock acquired" time="0.001">
    </testcase>
    <testcase classname="DistributedLockService withLock should return null when lock cannot be acquired" name="DistributedLockService withLock should return null when lock cannot be acquired" time="0">
    </testcase>
    <testcase classname="DistributedLockService withLock should release lock even if callback throws" name="DistributedLockService withLock should release lock even if callback throws" time="0.003">
    </testcase>
    <testcase classname="DistributedLockService isLocked should return true when resource is locked" name="DistributedLockService isLocked should return true when resource is locked" time="0">
    </testcase>
    <testcase classname="DistributedLockService isLocked should return false when resource is not locked" name="DistributedLockService isLocked should return false when resource is not locked" time="0.001">
    </testcase>
    <testcase classname="DistributedLockService onModuleDestroy should close redis connection" name="DistributedLockService onModuleDestroy should close redis connection" time="0">
    </testcase>
  </testsuite>
  <testsuite name="AuthController" errors="0" failures="0" skipped="0" timestamp="2026-01-22T12:25:25" time="0.154" tests="15">
    <testcase classname="AuthController should be defined" name="AuthController should be defined" time="0.002">
    </testcase>
    <testcase classname="AuthController register should call authService.register" name="AuthController register should call authService.register" time="0.001">
    </testcase>
    <testcase classname="AuthController register should handle missing user-agent" name="AuthController register should handle missing user-agent" time="0">
    </testcase>
    <testcase classname="AuthController register should propagate errors" name="AuthController register should propagate errors" time="0.003">
    </testcase>
    <testcase classname="AuthController login should call authService.login" name="AuthController login should call authService.login" time="0.001">
    </testcase>
    <testcase classname="AuthController login should propagate errors" name="AuthController login should propagate errors" time="0">
    </testcase>
    <testcase classname="AuthController refreshTokens should call authService.refreshTokens" name="AuthController refreshTokens should call authService.refreshTokens" time="0.001">
    </testcase>
    <testcase classname="AuthController refreshTokens should propagate errors" name="AuthController refreshTokens should propagate errors" time="0">
    </testcase>
    <testcase classname="AuthController logout should call authService.logout" name="AuthController logout should call authService.logout" time="0.001">
    </testcase>
    <testcase classname="AuthController logout should throw BadRequestException when refreshToken missing and allSessions not true" name="AuthController logout should throw BadRequestException when refreshToken missing and allSessions not true" time="0.003">
    </testcase>
    <testcase classname="AuthController logout should call authService.logoutAllSessions if allSessions is true" name="AuthController logout should call authService.logoutAllSessions if allSessions is true" time="0">
    </testcase>
    <testcase classname="AuthController logout should propagate errors" name="AuthController logout should propagate errors" time="0.001">
    </testcase>
    <testcase classname="AuthController getSessions should return active sessions" name="AuthController getSessions should return active sessions" time="0">
    </testcase>
    <testcase classname="AuthController getCurrentUser should return simplified user object" name="AuthController getCurrentUser should return simplified user object" time="0.001">
    </testcase>
    <testcase classname="AuthController getSessions should return active sessions" name="AuthController getSessions should return active sessions" time="0">
    </testcase>
  </testsuite>
  <testsuite name="BookingsController" errors="0" failures="0" skipped="0" timestamp="2026-01-22T12:25:25" time="0.136" tests="11">
    <testcase classname="BookingsController should be defined" name="BookingsController should be defined" time="0.002">
    </testcase>
    <testcase classname="BookingsController create should call service.create" name="BookingsController create should call service.create" time="0.001">
    </testcase>
    <testcase classname="BookingsController findAll should call service.findAll" name="BookingsController findAll should call service.findAll" time="0">
    </testcase>
    <testcase classname="BookingsController findOne should call service.findOne" name="BookingsController findOne should call service.findOne" time="0.001">
    </testcase>
    <testcase classname="BookingsController update should call service.update" name="BookingsController update should call service.update" time="0">
    </testcase>
    <testcase classname="BookingsController remove should call service.remove" name="BookingsController remove should call service.remove" time="0.001">
    </testcase>
    <testcase classname="BookingsController confirm should call workflowService.confirmBooking" name="BookingsController confirm should call workflowService.confirmBooking" time="0.003">
    </testcase>
    <testcase classname="BookingsController cancel should call workflowService.cancelBooking" name="BookingsController cancel should call workflowService.cancelBooking" time="0">
    </testcase>
    <testcase classname="BookingsController complete should call workflowService.completeBooking" name="BookingsController complete should call workflowService.completeBooking" time="0.001">
    </testcase>
    <testcase classname="BookingsController duplicate should call workflowService.duplicateBooking" name="BookingsController duplicate should call workflowService.duplicateBooking" time="0">
    </testcase>
    <testcase classname="BookingsController exportBookings should call exportService.exportBookingsToCSV" name="BookingsController exportBookings should call exportService.exportBookingsToCSV" time="0.001">
    </testcase>
  </testsuite>
  <testsuite name="ClientsController" errors="0" failures="0" skipped="0" timestamp="2026-01-22T12:25:25" time="0.108" tests="9">
    <testcase classname="ClientsController should be defined" name="ClientsController should be defined" time="0.001">
    </testcase>
    <testcase classname="ClientsController create should call service.create with dto" name="ClientsController create should call service.create with dto" time="0.001">
    </testcase>
    <testcase classname="ClientsController findAll should call service.findAll with pagination" name="ClientsController findAll should call service.findAll with pagination" time="0">
    </testcase>
    <testcase classname="ClientsController findAll should work with empty query" name="ClientsController findAll should work with empty query" time="0.001">
    </testcase>
    <testcase classname="ClientsController findOne should call service.findById with id" name="ClientsController findOne should call service.findById with id" time="0">
    </testcase>
    <testcase classname="ClientsController update should call service.update with dto" name="ClientsController update should call service.update with dto" time="0.001">
    </testcase>
    <testcase classname="ClientsController delete should call service.delete with id" name="ClientsController delete should call service.delete with id" time="0">
    </testcase>
    <testcase classname="ClientsController updateTags should call service.updateTags with id and tags" name="ClientsController updateTags should call service.updateTags with id and tags" time="0.001">
    </testcase>
    <testcase classname="ClientsController exportClients should call service.exportToCSV" name="ClientsController exportClients should call service.exportToCSV" time="0">
    </testcase>
  </testsuite>
  <testsuite name="DashboardController" errors="0" failures="0" skipped="0" timestamp="2026-01-22T12:25:25" time="0.16" tests="7">
    <testcase classname="DashboardController should be defined" name="DashboardController should be defined" time="0.002">
    </testcase>
    <testcase classname="DashboardController getSummary should call service.getRevenueSummary" name="DashboardController getSummary should call service.getRevenueSummary" time="0.001">
    </testcase>
    <testcase classname="DashboardController getSummary should propagate errors" name="DashboardController getSummary should propagate errors" time="0.002">
    </testcase>
    <testcase classname="DashboardController getStaffPerformance should call service.getStaffPerformance" name="DashboardController getStaffPerformance should call service.getStaffPerformance" time="0">
    </testcase>
    <testcase classname="DashboardController getStaffPerformance should propagate errors" name="DashboardController getStaffPerformance should propagate errors" time="0.001">
    </testcase>
    <testcase classname="DashboardController getPackageStats should call service.getPackageStats" name="DashboardController getPackageStats should call service.getPackageStats" time="0">
    </testcase>
    <testcase classname="DashboardController getPackageStats should propagate errors" name="DashboardController getPackageStats should propagate errors" time="0.001">
    </testcase>
  </testsuite>
  <testsuite name="SessionService" errors="0" failures="0" skipped="0" timestamp="2026-01-22T12:25:25" time="0.099" tests="10">
    <testcase classname="SessionService should be defined" name="SessionService should be defined" time="0.001">
    </testcase>
    <testcase classname="SessionService getActiveSessions should call tokenService" name="SessionService getActiveSessions should call tokenService" time="0.001">
    </testcase>
    <testcase classname="SessionService revokeSession should revoke successfully" name="SessionService revokeSession should revoke successfully" time="0">
    </testcase>
    <testcase classname="SessionService revokeSession should throw NotFound if no session affected" name="SessionService revokeSession should throw NotFound if no session affected" time="0.004">
    </testcase>
    <testcase classname="SessionService revokeOtherSessions should revoke other sessions" name="SessionService revokeOtherSessions should revoke other sessions" time="0">
    </testcase>
    <testcase classname="SessionService logoutAllSessions should logout all" name="SessionService logoutAllSessions should logout all" time="0">
    </testcase>
    <testcase classname="SessionService checkNewDevice should detect new device and send email" name="SessionService checkNewDevice should detect new device and send email" time="0.001">
    </testcase>
    <testcase classname="SessionService checkNewDevice should not email if previous login exists" name="SessionService checkNewDevice should not email if previous login exists" time="0">
    </testcase>
    <testcase classname="SessionService checkSuspiciousActivity should detect impossible travel" name="SessionService checkSuspiciousActivity should detect impossible travel" time="0">
    </testcase>
    <testcase classname="SessionService checkSuspiciousActivity should ignore local IPs" name="SessionService checkSuspiciousActivity should ignore local IPs" time="0.001">
    </testcase>
  </testsuite>
  <testsuite name="BookingsService" errors="0" failures="0" skipped="0" timestamp="2026-01-22T12:25:25" time="0.099" tests="5">
    <testcase classname="BookingsService create should create a booking" name="BookingsService create should create a booking" time="0.002">
    </testcase>
    <testcase classname="BookingsService create should round tax amount to 2 decimal places" name="BookingsService create should round tax amount to 2 decimal places" time="0.001">
    </testcase>
    <testcase classname="BookingsService create should throw if event date is in the past" name="BookingsService create should throw if event date is in the past" time="0.004">
    </testcase>
    <testcase classname="BookingsService findAll should return all bookings" name="BookingsService findAll should return all bookings" time="0.001">
    </testcase>
    <testcase classname="BookingsService findOne should return a booking" name="BookingsService findOne should return a booking" time="0">
    </testcase>
  </testsuite>
  <testsuite name="WebhookService" errors="0" failures="0" skipped="0" timestamp="2026-01-22T12:25:25" time="0.113" tests="28">
    <testcase classname="WebhookService should be defined" name="WebhookService should be defined" time="0.001">
    </testcase>
    <testcase classname="WebhookService registerWebhook and emit deliverWebhook should throw NotFoundException when webhook missing" name="WebhookService registerWebhook and emit deliverWebhook should throw NotFoundException when webhook missing" time="0.006">
    </testcase>
    <testcase classname="WebhookService registerWebhook and emit should send webhook if event type matches" name="WebhookService registerWebhook and emit should send webhook if event type matches" time="0.003">
    </testcase>
    <testcase classname="WebhookService registerWebhook and emit should send webhook if wildcard event is registered" name="WebhookService registerWebhook and emit should send webhook if wildcard event is registered" time="0.001">
    </testcase>
    <testcase classname="WebhookService registerWebhook and emit should not send webhook if event type does not match" name="WebhookService registerWebhook and emit should not send webhook if event type does not match" time="0">
    </testcase>
    <testcase classname="WebhookService registerWebhook and emit should log error if fetch fails" name="WebhookService registerWebhook and emit should log error if fetch fails" time="0.006">
    </testcase>
    <testcase classname="WebhookService registerWebhook should persist valid HTTPS webhook URL with sufficient secret" name="WebhookService registerWebhook should persist valid HTTPS webhook URL with sufficient secret" time="0">
    </testcase>
    <testcase classname="WebhookService registerWebhook should reject invalid URL format" name="WebhookService registerWebhook should reject invalid URL format" time="0.001">
    </testcase>
    <testcase classname="WebhookService registerWebhook should reject non-HTTP/HTTPS protocols" name="WebhookService registerWebhook should reject non-HTTP/HTTPS protocols" time="0">
    </testcase>
    <testcase classname="WebhookService registerWebhook should reject secrets shorter than minimum length" name="WebhookService registerWebhook should reject secrets shorter than minimum length" time="0.001">
    </testcase>
    <testcase classname="WebhookService registerWebhook should reject localhost URLs (SSRF prevention)" name="WebhookService registerWebhook should reject localhost URLs (SSRF prevention)" time="0">
    </testcase>
    <testcase classname="WebhookService registerWebhook should reject 127.0.0.1 URLs (SSRF prevention)" name="WebhookService registerWebhook should reject 127.0.0.1 URLs (SSRF prevention)" time="0.001">
    </testcase>
    <testcase classname="WebhookService registerWebhook should reject private IP ranges (10.x.x.x)" name="WebhookService registerWebhook should reject private IP ranges (10.x.x.x)" time="0.001">
    </testcase>
    <testcase classname="WebhookService registerWebhook should reject private IP ranges (192.168.x.x)" name="WebhookService registerWebhook should reject private IP ranges (192.168.x.x)" time="0">
    </testcase>
    <testcase classname="WebhookService registerWebhook should reject private IP ranges (172.16-31.x.x)" name="WebhookService registerWebhook should reject private IP ranges (172.16-31.x.x)" time="0.001">
    </testcase>
    <testcase classname="WebhookService registerWebhook should reject URLs that DNS-resolve to private IPs" name="WebhookService registerWebhook should reject URLs that DNS-resolve to private IPs" time="0">
    </testcase>
    <testcase classname="WebhookService timeout handling should handle request timeout with AbortError" name="WebhookService timeout handling should handle request timeout with AbortError" time="0.004">
    </testcase>
    <testcase classname="WebhookService timeout handling should rethrow non-abort errors" name="WebhookService timeout handling should rethrow non-abort errors" time="0.004">
    </testcase>
    <testcase classname="WebhookService timeout handling should block redirects and log redirect_blocked" name="WebhookService timeout handling should block redirects and log redirect_blocked" time="0.004">
    </testcase>
    <testcase classname="WebhookService webhook signature should include timestamp in signature header" name="WebhookService webhook signature should include timestamp in signature header" time="0.001">
    </testcase>
    <testcase classname="WebhookService DNS and Security edge cases should handle DNS lookup failure gracefully" name="WebhookService DNS and Security edge cases should handle DNS lookup failure gracefully" time="0">
    </testcase>
    <testcase classname="WebhookService DNS and Security edge cases should allow legacy webhooks without allowlisted IPs (re-resolves on send)" name="WebhookService DNS and Security edge cases should allow legacy webhooks without allowlisted IPs (re-resolves on send)" time="0.001">
    </testcase>
    <testcase classname="WebhookService DNS and Security edge cases should block DNS rebinding (IP changed from allowlist)" name="WebhookService DNS and Security edge cases should block DNS rebinding (IP changed from allowlist)" time="0.005">
    </testcase>
    <testcase classname="WebhookService Queue and Retry Logic should enqueue job if queue is available" name="WebhookService Queue and Retry Logic should enqueue job if queue is available" time="0.001">
    </testcase>
    <testcase classname="WebhookService Queue and Retry Logic should retry on failure with backoff" name="WebhookService Queue and Retry Logic should retry on failure with backoff" time="0.005">
    </testcase>
    <testcase classname="WebhookService Queue and Retry Logic should give up after max retries" name="WebhookService Queue and Retry Logic should give up after max retries" time="0.004">
    </testcase>
    <testcase classname="WebhookService emit edge cases should throw if tenantId missing in event" name="WebhookService emit edge cases should throw if tenantId missing in event" time="0.001">
    </testcase>
    <testcase classname="WebhookService emit edge cases should skip invalid webhooks (no events)" name="WebhookService emit edge cases should skip invalid webhooks (no events)" time="0">
    </testcase>
  </testsuite>
  <testsuite name="FinancialReportController" errors="0" failures="0" skipped="0" timestamp="2026-01-22T12:25:25" time="0.087" tests="5">
    <testcase classname="FinancialReportController should be defined" name="FinancialReportController should be defined" time="0.001">
    </testcase>
    <testcase classname="FinancialReportController getProfitAndLoss should return P&amp;L data" name="FinancialReportController getProfitAndLoss should return P&amp;L data" time="0.001">
    </testcase>
    <testcase classname="FinancialReportController getProfitAndLossPdf should return PDF with correct headers" name="FinancialReportController getProfitAndLossPdf should return PDF with correct headers" time="0.001">
    </testcase>
    <testcase classname="FinancialReportController getRevenueByPackage should return revenue by package data" name="FinancialReportController getRevenueByPackage should return revenue by package data" time="0">
    </testcase>
    <testcase classname="FinancialReportController getRevenueByPackagePdf should return PDF with correct headers" name="FinancialReportController getRevenueByPackagePdf should return PDF with correct headers" time="0.001">
    </testcase>
  </testsuite>
  <testsuite name="BillingController" errors="0" failures="0" skipped="0" timestamp="2026-01-22T12:25:25" time="0.122" tests="11">
    <testcase classname="BillingController should be defined" name="BillingController should be defined" time="0.001">
    </testcase>
    <testcase classname="BillingController getSubscription should return subscription for tenant" name="BillingController getSubscription should return subscription for tenant" time="0.001">
    </testcase>
    <testcase classname="BillingController getSubscription should throw BadRequestException when no tenant context" name="BillingController getSubscription should throw BadRequestException when no tenant context" time="0.004">
    </testcase>
    <testcase classname="BillingController createSubscription should create a subscription" name="BillingController createSubscription should create a subscription" time="0">
    </testcase>
    <testcase classname="BillingController cancelSubscription should cancel subscription immediately" name="BillingController cancelSubscription should cancel subscription immediately" time="0">
    </testcase>
    <testcase classname="BillingController cancelSubscription should schedule cancellation at period end" name="BillingController cancelSubscription should schedule cancellation at period end" time="0">
    </testcase>
    <testcase classname="BillingController createCheckoutSession should create checkout session" name="BillingController createCheckoutSession should create checkout session" time="0.001">
    </testcase>
    <testcase classname="BillingController createPortalSession should create billing portal session" name="BillingController createPortalSession should create billing portal session" time="0">
    </testcase>
    <testcase classname="BillingController listInvoices should list invoices for customer" name="BillingController listInvoices should list invoices for customer" time="0.001">
    </testcase>
    <testcase classname="BillingController listPrices should list available prices" name="BillingController listPrices should list available prices" time="0">
    </testcase>
    <testcase classname="BillingController listProducts should list available products" name="BillingController listProducts should list available products" time="0.001">
    </testcase>
  </testsuite>
  <testsuite name="TasksController" errors="0" failures="0" skipped="0" timestamp="2026-01-22T12:25:25" time="0.098" tests="9">
    <testcase classname="TasksController should be defined" name="TasksController should be defined" time="0.001">
    </testcase>
    <testcase classname="TasksController findAll should call service.findAll" name="TasksController findAll should call service.findAll" time="0">
    </testcase>
    <testcase classname="TasksController findMyTasks should call service.findByUser" name="TasksController findMyTasks should call service.findByUser" time="0.001">
    </testcase>
    <testcase classname="TasksController findByBooking should call service.findByBooking" name="TasksController findByBooking should call service.findByBooking" time="0">
    </testcase>
    <testcase classname="TasksController findOne should call service.findOne" name="TasksController findOne should call service.findOne" time="0.001">
    </testcase>
    <testcase classname="TasksController update should call service.update" name="TasksController update should call service.update" time="0">
    </testcase>
    <testcase classname="TasksController assign should call service.assignTask" name="TasksController assign should call service.assignTask" time="0">
    </testcase>
    <testcase classname="TasksController start should call service.startTask" name="TasksController start should call service.startTask" time="0.001">
    </testcase>
    <testcase classname="TasksController complete should call service.completeTask" name="TasksController complete should call service.completeTask" time="0">
    </testcase>
  </testsuite>
  <testsuite name="EmailTemplatesController" errors="0" failures="0" skipped="0" timestamp="2026-01-22T12:25:26" time="0.092" tests="11">
    <testcase classname="EmailTemplatesController should be defined" name="EmailTemplatesController should be defined" time="0.002">
    </testcase>
    <testcase classname="EmailTemplatesController findAll should return all templates for tenant" name="EmailTemplatesController findAll should return all templates for tenant" time="0.001">
    </testcase>
    <testcase classname="EmailTemplatesController findOne should return template by id" name="EmailTemplatesController findOne should return template by id" time="0">
    </testcase>
    <testcase classname="EmailTemplatesController findOne should throw NotFoundException if not found" name="EmailTemplatesController findOne should throw NotFoundException if not found" time="0.002">
    </testcase>
    <testcase classname="EmailTemplatesController create should create new template" name="EmailTemplatesController create should create new template" time="0.001">
    </testcase>
    <testcase classname="EmailTemplatesController create should throw if template name exists" name="EmailTemplatesController create should throw if template name exists" time="0.001">
    </testcase>
    <testcase classname="EmailTemplatesController update should update template" name="EmailTemplatesController update should update template" time="0.001">
    </testcase>
    <testcase classname="EmailTemplatesController remove should delete non-system template" name="EmailTemplatesController remove should delete non-system template" time="0">
    </testcase>
    <testcase classname="EmailTemplatesController remove should throw when deleting system template" name="EmailTemplatesController remove should throw when deleting system template" time="0.001">
    </testcase>
    <testcase classname="EmailTemplatesController preview should compile and return template preview" name="EmailTemplatesController preview should compile and return template preview" time="0.002">
    </testcase>
    <testcase classname="EmailTemplatesController preview should throw on invalid template" name="EmailTemplatesController preview should throw on invalid template" time="0.001">
    </testcase>
  </testsuite>
  <testsuite name="ClientPortalController" errors="0" failures="0" skipped="0" timestamp="2026-01-22T12:25:26" time="0.095" tests="10">
    <testcase classname="ClientPortalController should be defined" name="ClientPortalController should be defined" time="0.002">
    </testcase>
    <testcase classname="ClientPortalController requestMagicLink should request a magic link for valid email" name="ClientPortalController requestMagicLink should request a magic link for valid email" time="0">
    </testcase>
    <testcase classname="ClientPortalController verifyMagicLink should verify magic link and return access token" name="ClientPortalController verifyMagicLink should verify magic link and return access token" time="0.001">
    </testcase>
    <testcase classname="ClientPortalController logout should logout and invalidate token" name="ClientPortalController logout should logout and invalidate token" time="0">
    </testcase>
    <testcase classname="ClientPortalController getMyBookings should return bookings for authenticated client" name="ClientPortalController getMyBookings should return bookings for authenticated client" time="0.001">
    </testcase>
    <testcase classname="ClientPortalController getMyBookings should throw UnauthorizedException for invalid token" name="ClientPortalController getMyBookings should throw UnauthorizedException for invalid token" time="0.002">
    </testcase>
    <testcase classname="ClientPortalController getBooking should return a specific booking for authenticated client" name="ClientPortalController getBooking should return a specific booking for authenticated client" time="0">
    </testcase>
    <testcase classname="ClientPortalController getBooking should throw UnauthorizedException for invalid token" name="ClientPortalController getBooking should throw UnauthorizedException for invalid token" time="0">
    </testcase>
    <testcase classname="ClientPortalController getProfile should return client profile for authenticated client" name="ClientPortalController getProfile should return client profile for authenticated client" time="0.001">
    </testcase>
    <testcase classname="ClientPortalController getProfile should throw UnauthorizedException for invalid token" name="ClientPortalController getProfile should throw UnauthorizedException for invalid token" time="0">
    </testcase>
  </testsuite>
  <testsuite name="JwtStrategy" errors="0" failures="0" skipped="0" timestamp="2026-01-22T12:25:26" time="0.086" tests="4">
    <testcase classname="JwtStrategy should be defined" name="JwtStrategy should be defined" time="0.001">
    </testcase>
    <testcase classname="JwtStrategy validate should call authService.validateUser with payload" name="JwtStrategy validate should call authService.validateUser with payload" time="0">
    </testcase>
    <testcase classname="JwtStrategy validate should return null for invalid user" name="JwtStrategy validate should return null for invalid user" time="0.001">
    </testcase>
    <testcase classname="JwtStrategy constructor should throw error when JWT_SECRET is not defined" name="JwtStrategy constructor should throw error when JWT_SECRET is not defined" time="0.002">
    </testcase>
  </testsuite>
  <testsuite name="PrivacyService" errors="0" failures="0" skipped="0" timestamp="2026-01-22T12:25:26" time="0.092" tests="10">
    <testcase classname="PrivacyService should be defined" name="PrivacyService should be defined" time="0.002">
    </testcase>
    <testcase classname="PrivacyService createRequest should create a privacy request" name="PrivacyService createRequest should create a privacy request" time="0.001">
    </testcase>
    <testcase classname="PrivacyService createRequest should throw BadRequestException when pending request exists" name="PrivacyService createRequest should throw BadRequestException when pending request exists" time="0.004">
    </testcase>
    <testcase classname="PrivacyService createRequest should throw BadRequestException when tenant context is missing" name="PrivacyService createRequest should throw BadRequestException when tenant context is missing" time="0.001">
    </testcase>
    <testcase classname="PrivacyService getMyRequests should return user privacy requests" name="PrivacyService getMyRequests should return user privacy requests" time="0.001">
    </testcase>
    <testcase classname="PrivacyService getRequestById should return a specific privacy request" name="PrivacyService getRequestById should return a specific privacy request" time="0">
    </testcase>
    <testcase classname="PrivacyService getRequestById should throw NotFoundException when request not found" name="PrivacyService getRequestById should throw NotFoundException when request not found" time="0.001">
    </testcase>
    <testcase classname="PrivacyService cancelRequest should cancel a pending request" name="PrivacyService cancelRequest should cancel a pending request" time="0">
    </testcase>
    <testcase classname="PrivacyService cancelRequest should throw BadRequestException for non-pending requests" name="PrivacyService cancelRequest should throw BadRequestException for non-pending requests" time="0">
    </testcase>
    <testcase classname="PrivacyService getPendingRequests should return all pending requests" name="PrivacyService getPendingRequests should return all pending requests" time="0">
    </testcase>
  </testsuite>
  <testsuite name="PayrollService" errors="0" failures="0" skipped="0" timestamp="2026-01-22T12:25:26" time="0.102" tests="5">
    <testcase classname="PayrollService runPayroll should calculate payroll and create pending payout" name="PayrollService runPayroll should calculate payroll and create pending payout" time="0.001">
    </testcase>
    <testcase classname="PayrollService runPayroll should skip employees with zero payout" name="PayrollService runPayroll should skip employees with zero payout" time="0.001">
    </testcase>
    <testcase classname="PayrollService runPayroll should rollback on failure" name="PayrollService runPayroll should rollback on failure" time="0.003">
    </testcase>
    <testcase classname="PayrollService runScheduledPayroll should call runPayroll" name="PayrollService runScheduledPayroll should call runPayroll" time="0">
    </testcase>
    <testcase classname="PayrollService getPayrollHistory should return payroll run history" name="PayrollService getPayrollHistory should return payroll run history" time="0.001">
    </testcase>
  </testsuite>
  <testsuite name="FinanceService - Comprehensive Tests" errors="0" failures="0" skipped="0" timestamp="2026-01-22T12:25:26" time="0.107" tests="18">
    <testcase classname="FinanceService - Comprehensive Tests createTransaction should create INCOME transaction" name="FinanceService - Comprehensive Tests createTransaction should create INCOME transaction" time="0.002">
    </testcase>
    <testcase classname="FinanceService - Comprehensive Tests createTransaction should reject amounts with more than 2 decimal places (exponential notation)" name="FinanceService - Comprehensive Tests createTransaction should reject amounts with more than 2 decimal places (exponential notation)" time="0.005">
    </testcase>
    <testcase classname="FinanceService - Comprehensive Tests createTransaction should accept valid exponential notation amount within precision" name="FinanceService - Comprehensive Tests createTransaction should accept valid exponential notation amount within precision" time="0">
    </testcase>
    <testcase classname="FinanceService - Comprehensive Tests createTransaction should reject unsupported currency values" name="FinanceService - Comprehensive Tests createTransaction should reject unsupported currency values" time="0.001">
    </testcase>
    <testcase classname="FinanceService - Comprehensive Tests createTransaction should create EXPENSE transaction" name="FinanceService - Comprehensive Tests createTransaction should create EXPENSE transaction" time="0">
    </testcase>
    <testcase classname="FinanceService - Comprehensive Tests createTransaction should create PAYROLL transaction" name="FinanceService - Comprehensive Tests createTransaction should create PAYROLL transaction" time="0.001">
    </testcase>
    <testcase classname="FinanceService - Comprehensive Tests createTransaction should create transaction with reference" name="FinanceService - Comprehensive Tests createTransaction should create transaction with reference" time="0">
    </testcase>
    <testcase classname="FinanceService - Comprehensive Tests createTransaction should create transaction with description" name="FinanceService - Comprehensive Tests createTransaction should create transaction with description" time="0.001">
    </testcase>
    <testcase classname="FinanceService - Comprehensive Tests createTransaction should reject zero amount transaction" name="FinanceService - Comprehensive Tests createTransaction should reject zero amount transaction" time="0">
    </testcase>
    <testcase classname="FinanceService - Comprehensive Tests findTransactionById should return transaction by valid id" name="FinanceService - Comprehensive Tests findTransactionById should return transaction by valid id" time="0.001">
    </testcase>
    <testcase classname="FinanceService - Comprehensive Tests findTransactionById should throw NotFoundException for invalid id" name="FinanceService - Comprehensive Tests findTransactionById should throw NotFoundException for invalid id" time="0">
    </testcase>
    <testcase classname="FinanceService - Comprehensive Tests findAllTransactions should return all transactions without filters" name="FinanceService - Comprehensive Tests findAllTransactions should return all transactions without filters" time="0.001">
    </testcase>
    <testcase classname="FinanceService - Comprehensive Tests findAllTransactions should filter by transaction type" name="FinanceService - Comprehensive Tests findAllTransactions should filter by transaction type" time="0">
    </testcase>
    <testcase classname="FinanceService - Comprehensive Tests findAllTransactions should filter by date range" name="FinanceService - Comprehensive Tests findAllTransactions should filter by date range" time="0">
    </testcase>
    <testcase classname="FinanceService - Comprehensive Tests getTransactionSummary should return correct financial summary" name="FinanceService - Comprehensive Tests getTransactionSummary should return correct financial summary" time="0.001">
    </testcase>
    <testcase classname="FinanceService - Comprehensive Tests getTransactionSummary should handle zero balances" name="FinanceService - Comprehensive Tests getTransactionSummary should handle zero balances" time="0">
    </testcase>
    <testcase classname="FinanceService - Comprehensive Tests exportTransactionsToCSV should stream transactions to response" name="FinanceService - Comprehensive Tests exportTransactionsToCSV should stream transactions to response" time="0">
    </testcase>
[...]
    </testcase>
    <testcase classname="HR Module Tests HR Entities profile.entity should be defined" name="HR Module Tests HR Entities profile.entity should be defined" time="0">
    </testcase>
    <testcase classname="HR Module Tests HR Enums contract-type.enum should be defined" name="HR Module Tests HR Enums contract-type.enum should be defined" time="0">
    </testcase>
    <testcase classname="HR Module Tests HR Module hr.module should be defined" name="HR Module Tests HR Module hr.module should be defined" time="0">
    </testcase>
  </testsuite>
  <testsuite name="Catalog Module Tests" errors="0" failures="0" skipped="0" timestamp="2026-01-22T12:25:34" time="0.007" tests="6">
    <testcase classname="Catalog Module Tests Catalog DTOs catalog.dto should be defined" name="Catalog Module Tests Catalog DTOs catalog.dto should be defined" time="0">
    </testcase>
    <testcase classname="Catalog Module Tests Catalog Entities package-item.entity should be defined" name="Catalog Module Tests Catalog Entities package-item.entity should be defined" time="0">
    </testcase>
    <testcase classname="Catalog Module Tests Catalog Entities service-package.entity should be defined" name="Catalog Module Tests Catalog Entities service-package.entity should be defined" time="0">
    </testcase>
    <testcase classname="Catalog Module Tests Catalog Entities task-type.entity should be defined" name="Catalog Module Tests Catalog Entities task-type.entity should be defined" time="0.001">
    </testcase>
    <testcase classname="Catalog Module Tests Catalog Module should be defined" name="Catalog Module Tests Catalog Module should be defined" time="0">
    </testcase>
    <testcase classname="Catalog Module Tests Clone Package DTO should validate clone package operations" name="Catalog Module Tests Clone Package DTO should validate clone package operations" time="0">
    </testcase>
  </testsuite>
  <testsuite name="RequestContext" errors="0" failures="0" skipped="0" timestamp="2026-01-22T12:25:34" time="0.007" tests="3">
    <testcase classname="RequestContext should set and get correlation ID using asyncLocalStorage" name="RequestContext should set and get correlation ID using asyncLocalStorage" time="0.001">
    </testcase>
    <testcase classname="RequestContext should return undefined when outside context" name="RequestContext should return undefined when outside context" time="0">
    </testcase>
    <testcase classname="RequestContext should maintain independent context for different runs" name="RequestContext should maintain independent context for different runs" time="0">
    </testcase>
  </testsuite>
  <testsuite name="Catalog DTOs" errors="0" failures="0" skipped="0" timestamp="2026-01-22T12:25:34" time="0.007" tests="4">
    <testcase classname="Catalog DTOs should validate catalog DTOs" name="Catalog DTOs should validate catalog DTOs" time="0">
    </testcase>
    <testcase classname="Catalog DTOs should support catalog creation" name="Catalog DTOs should support catalog creation" time="0">
    </testcase>
    <testcase classname="Catalog DTOs should validate required fields" name="Catalog DTOs should validate required fields" time="0">
    </testcase>
    <testcase classname="Catalog DTOs should handle optional fields" name="Catalog DTOs should handle optional fields" time="0">
    </testcase>
  </testsuite>
  <testsuite name="AuditInterceptor" errors="0" failures="2" skipped="0" timestamp="2026-01-22T12:25:25" time="60.195" tests="8">
    <testcase classname="AuditInterceptor should be defined" name="AuditInterceptor should be defined" time="0.001">
    </testcase>
    <testcase classname="AuditInterceptor intercept should skip if no @Audit decorator" name="AuditInterceptor intercept should skip if no @Audit decorator" time="0.001">
    </testcase>
    <testcase classname="AuditInterceptor intercept should log audit event on success" name="AuditInterceptor intercept should log audit event on success" time="0.001">
    </testcase>
    <testcase classname="AuditInterceptor intercept should log audit event on error" name="AuditInterceptor intercept should log audit event on error" time="0.001">
    </testcase>
    <testcase classname="AuditInterceptor intercept should include body when includeBody is true" name="AuditInterceptor intercept should include body when includeBody is true" time="30.005">
      <failure>Error: expect(jest.fn()).toHaveBeenCalledWith(...expected)

Expected: ObjectContaining {&quot;newValues&quot;: ObjectContaining {&quot;requestBody&quot;: ObjectContaining {&quot;name&quot;: &quot;Test&quot;, &quot;password&quot;: &quot;[REDACTED]&quot;}}}
Received: {&quot;action&quot;: &quot;CREATE_USER&quot;, &quot;durationMs&quot;: 0, &quot;entityId&quot;: &quot;user-123&quot;, &quot;entityName&quot;: &quot;user&quot;, &quot;ipAddress&quot;: &quot;127.0.0.1&quot;, &quot;method&quot;: &quot;POST&quot;, &quot;notes&quot;: undefined, &quot;path&quot;: &quot;/api/v1/users&quot;, &quot;statusCode&quot;: 200, &quot;userAgent&quot;: &quot;Jest Test Agent&quot;, &quot;userId&quot;: &quot;user-456&quot;}

Number of calls: 1
    at Object.complete (/Users/mohammadnawfal/Desktop/Archive/softy-erp/backend/src/common/interceptors/audit.interceptor.spec.ts:150:36)
    at ConsumerObserver.complete (/Users/mohammadnawfal/Desktop/Archive/softy-erp/backend/node_modules/rxjs/src/internal/Subscriber.ts:179:25)
    at SafeSubscriber.Subscriber._complete (/Users/mohammadnawfal/Desktop/Archive/softy-erp/backend/node_modules/rxjs/src/internal/Subscriber.ts:126:24)
    at SafeSubscriber.Subscriber.complete (/Users/mohammadnawfal/Desktop/Archive/softy-erp/backend/node_modules/rxjs/src/internal/Subscriber.ts:100:12)
    at /Users/mohammadnawfal/Desktop/Archive/softy-erp/backend/node_modules/rxjs/src/internal/operators/tap.ts:195:26
    at OperatorSubscriber._this._complete (/Users/mohammadnawfal/Desktop/Archive/softy-erp/backend/node_modules/rxjs/src/internal/operators/OperatorSubscriber.ts:92:13)
    at OperatorSubscriber.Subscriber.complete (/Users/mohammadnawfal/Desktop/Archive/softy-erp/backend/node_modules/rxjs/src/internal/Subscriber.ts:100:12)
    at Observable._subscribe (/Users/mohammadnawfal/Desktop/Archive/softy-erp/backend/node_modules/rxjs/src/internal/observable/innerFrom.ts:80:16)
    at Observable._trySubscribe (/Users/mohammadnawfal/Desktop/Archive/softy-erp/backend/node_modules/rxjs/src/internal/Observable.ts:235:19)
    at /Users/mohammadnawfal/Desktop/Archive/softy-erp/backend/node_modules/rxjs/src/internal/Observable.ts:225:18
    at Object.errorContext (/Users/mohammadnawfal/Desktop/Archive/softy-erp/backend/node_modules/rxjs/src/internal/util/errorContext.ts:29:5)
    at Observable.subscribe (/Users/mohammadnawfal/Desktop/Archive/softy-erp/backend/node_modules/rxjs/src/internal/Observable.ts:211:5)
    at /Users/mohammadnawfal/Desktop/Archive/softy-erp/backend/node_modules/rxjs/src/internal/operators/tap.ts:185:16
    at SafeSubscriber.&lt;anonymous&gt; (/Users/mohammadnawfal/Desktop/Archive/softy-erp/backend/node_modules/rxjs/src/internal/util/lift.ts:24:18)
    at /Users/mohammadnawfal/Desktop/Archive/softy-erp/backend/node_modules/rxjs/src/internal/Observable.ts:217:22
    at Object.errorContext (/Users/mohammadnawfal/Desktop/Archive/softy-erp/backend/node_modules/rxjs/src/internal/util/errorContext.ts:29:5)
    at Observable.subscribe (/Users/mohammadnawfal/Desktop/Archive/softy-erp/backend/node_modules/rxjs/src/internal/Observable.ts:211:5)
    at Object.&lt;anonymous&gt; (/Users/mohammadnawfal/Desktop/Archive/softy-erp/backend/src/common/interceptors/audit.interceptor.spec.ts:148:68)
    at Promise.finally.completed (/Users/mohammadnawfal/Desktop/Archive/softy-erp/backend/node_modules/jest-circus/build/jestAdapterInit.js:1549:26)
    at new Promise (&lt;anonymous&gt;)
    at callAsyncCircusFn (/Users/mohammadnawfal/Desktop/Archive/softy-erp/backend/node_modules/jest-circus/build/jestAdapterInit.js:1497:10)
    at _callCircusTest (/Users/mohammadnawfal/Desktop/Archive/softy-erp/backend/node_modules/jest-circus/build/jestAdapterInit.js:1007:40)
    at processTicksAndRejections (node:internal/process/task_queues:103:5)
    at _runTest (/Users/mohammadnawfal/Desktop/Archive/softy-erp/backend/node_modules/jest-circus/build/jestAdapterInit.js:947:3)
    at /Users/mohammadnawfal/Desktop/Archive/softy-erp/backend/node_modules/jest-circus/build/jestAdapterInit.js:849:7
    at _runTestsForDescribeBlock (/Users/mohammadnawfal/Desktop/Archive/softy-erp/backend/node_modules/jest-circus/build/jestAdapterInit.js:862:11)
    at _runTestsForDescribeBlock (/Users/mohammadnawfal/Desktop/Archive/softy-erp/backend/node_modules/jest-circus/build/jestAdapterInit.js:857:11)
    at _runTestsForDescribeBlock (/Users/mohammadnawfal/Desktop/Archive/softy-erp/backend/node_modules/jest-circus/build/jestAdapterInit.js:857:11)
    at run (/Users/mohammadnawfal/Desktop/Archive/softy-erp/backend/node_modules/jest-circus/build/jestAdapterInit.js:761:3)
    at runAndTransformResultsToJestFormat (/Users/mohammadnawfal/Desktop/Archive/softy-erp/backend/node_modules/jest-circus/build/jestAdapterInit.js:1918:21)
    at jestAdapter (/Users/mohammadnawfal/Desktop/Archive/softy-erp/backend/node_modules/jest-circus/build/runner.js:101:19)
    at runTestInternal (/Users/mohammadnawfal/Desktop/Archive/softy-erp/backend/node_modules/jest-runner/build/testWorker.js:275:16)
    at runTest (/Users/mohammadnawfal/Desktop/Archive/softy-erp/backend/node_modules/jest-runner/build/testWorker.js:343:7)
    at Object.worker (/Users/mohammadnawfal/Desktop/Archive/softy-erp/backend/node_modules/jest-runner/build/testWorker.js:497:12)</failure>
      <failure>Error: thrown: &quot;Exceeded timeout of 30000 ms for a test while waiting for `done()` to be called.
Add a timeout value to this test to increase the timeout, if this is a long-running test. See https://jestjs.io/docs/api#testname-fn-timeout.&quot;
    at /Users/mohammadnawfal/Desktop/Archive/softy-erp/backend/src/common/interceptors/audit.interceptor.spec.ts:136:5
    at _dispatchDescribe (/Users/mohammadnawfal/Desktop/Archive/softy-erp/backend/node_modules/jest-circus/build/jestAdapterInit.js:604:26)
    at describe (/Users/mohammadnawfal/Desktop/Archive/softy-erp/backend/node_modules/jest-circus/build/jestAdapterInit.js:572:44)
    at /Users/mohammadnawfal/Desktop/Archive/softy-erp/backend/src/common/interceptors/audit.interceptor.spec.ts:72:3
    at _dispatchDescribe (/Users/mohammadnawfal/Desktop/Archive/softy-erp/backend/node_modules/jest-circus/build/jestAdapterInit.js:604:26)
    at describe (/Users/mohammadnawfal/Desktop/Archive/softy-erp/backend/node_modules/jest-circus/build/jestAdapterInit.js:572:44)
    at Object.&lt;anonymous&gt; (/Users/mohammadnawfal/Desktop/Archive/softy-erp/backend/src/common/interceptors/audit.interceptor.spec.ts:11:1)
    at Runtime._execModule (/Users/mohammadnawfal/Desktop/Archive/softy-erp/backend/node_modules/jest-runtime/build/index.js:1268:24)
    at Runtime._loadModule (/Users/mohammadnawfal/Desktop/Archive/softy-erp/backend/node_modules/jest-runtime/build/index.js:944:12)
    at Runtime.requireModule (/Users/mohammadnawfal/Desktop/Archive/softy-erp/backend/node_modules/jest-runtime/build/index.js:832:12)
    at jestAdapter (/Users/mohammadnawfal/Desktop/Archive/softy-erp/backend/node_modules/jest-circus/build/runner.js:95:13)
    at processTicksAndRejections (node:internal/process/task_queues:103:5)
    at runTestInternal (/Users/mohammadnawfal/Desktop/Archive/softy-erp/backend/node_modules/jest-runner/build/testWorker.js:275:16)
    at runTest (/Users/mohammadnawfal/Desktop/Archive/softy-erp/backend/node_modules/jest-runner/build/testWorker.js:343:7)
    at Object.worker (/Users/mohammadnawfal/Desktop/Archive/softy-erp/backend/node_modules/jest-runner/build/testWorker.js:497:12)</failure>
    </testcase>
    <testcase classname="AuditInterceptor intercept should include response when includeResponse is true" name="AuditInterceptor intercept should include response when includeResponse is true" time="30.004">
      <failure>Error: expect(jest.fn()).toHaveBeenCalledWith(...expected)

Expected: ObjectContaining {&quot;newValues&quot;: ObjectContaining {&quot;responseData&quot;: {&quot;id&quot;: &quot;user-1&quot;, &quot;name&quot;: &quot;Test User&quot;}}}
Received: {&quot;action&quot;: &quot;READ_USER&quot;, &quot;durationMs&quot;: 1, &quot;entityId&quot;: &quot;user-123&quot;, &quot;entityName&quot;: &quot;user&quot;, &quot;ipAddress&quot;: &quot;127.0.0.1&quot;, &quot;method&quot;: &quot;POST&quot;, &quot;notes&quot;: undefined, &quot;path&quot;: &quot;/api/v1/users&quot;, &quot;statusCode&quot;: 200, &quot;userAgent&quot;: &quot;Jest Test Agent&quot;, &quot;userId&quot;: &quot;user-456&quot;}

Number of calls: 1
    at Object.complete (/Users/mohammadnawfal/Desktop/Archive/softy-erp/backend/src/common/interceptors/audit.interceptor.spec.ts:180:36)
    at ConsumerObserver.complete (/Users/mohammadnawfal/Desktop/Archive/softy-erp/backend/node_modules/rxjs/src/internal/Subscriber.ts:179:25)
    at SafeSubscriber.Subscriber._complete (/Users/mohammadnawfal/Desktop/Archive/softy-erp/backend/node_modules/rxjs/src/internal/Subscriber.ts:126:24)
    at SafeSubscriber.Subscriber.complete (/Users/mohammadnawfal/Desktop/Archive/softy-erp/backend/node_modules/rxjs/src/internal/Subscriber.ts:100:12)
    at /Users/mohammadnawfal/Desktop/Archive/softy-erp/backend/node_modules/rxjs/src/internal/operators/tap.ts:195:26
    at OperatorSubscriber._this._complete (/Users/mohammadnawfal/Desktop/Archive/softy-erp/backend/node_modules/rxjs/src/internal/operators/OperatorSubscriber.ts:92:13)
    at OperatorSubscriber.Subscriber.complete (/Users/mohammadnawfal/Desktop/Archive/softy-erp/backend/node_modules/rxjs/src/internal/Subscriber.ts:100:12)
    at Observable._subscribe (/Users/mohammadnawfal/Desktop/Archive/softy-erp/backend/node_modules/rxjs/src/internal/observable/innerFrom.ts:80:16)
    at Observable._trySubscribe (/Users/mohammadnawfal/Desktop/Archive/softy-erp/backend/node_modules/rxjs/src/internal/Observable.ts:235:19)
    at /Users/mohammadnawfal/Desktop/Archive/softy-erp/backend/node_modules/rxjs/src/internal/Observable.ts:225:18
    at Object.errorContext (/Users/mohammadnawfal/Desktop/Archive/softy-erp/backend/node_modules/rxjs/src/internal/util/errorContext.ts:29:5)
    at Observable.subscribe (/Users/mohammadnawfal/Desktop/Archive/softy-erp/backend/node_modules/rxjs/src/internal/Observable.ts:211:5)
    at /Users/mohammadnawfal/Desktop/Archive/softy-erp/backend/node_modules/rxjs/src/internal/operators/tap.ts:185:16
    at SafeSubscriber.&lt;anonymous&gt; (/Users/mohammadnawfal/Desktop/Archive/softy-erp/backend/node_modules/rxjs/src/internal/util/lift.ts:24:18)
    at /Users/mohammadnawfal/Desktop/Archive/softy-erp/backend/node_modules/rxjs/src/internal/Observable.ts:217:22
    at Object.errorContext (/Users/mohammadnawfal/Desktop/Archive/softy-erp/backend/node_modules/rxjs/src/internal/util/errorContext.ts:29:5)
    at Observable.subscribe (/Users/mohammadnawfal/Desktop/Archive/softy-erp/backend/node_modules/rxjs/src/internal/Observable.ts:211:5)
    at Object.&lt;anonymous&gt; (/Users/mohammadnawfal/Desktop/Archive/softy-erp/backend/src/common/interceptors/audit.interceptor.spec.ts:178:68)
    at Promise.finally.completed (/Users/mohammadnawfal/Desktop/Archive/softy-erp/backend/node_modules/jest-circus/build/jestAdapterInit.js:1549:26)
    at new Promise (&lt;anonymous&gt;)
    at callAsyncCircusFn (/Users/mohammadnawfal/Desktop/Archive/softy-erp/backend/node_modules/jest-circus/build/jestAdapterInit.js:1497:10)
    at _callCircusTest (/Users/mohammadnawfal/Desktop/Archive/softy-erp/backend/node_modules/jest-circus/build/jestAdapterInit.js:1007:40)
    at _runTest (/Users/mohammadnawfal/Desktop/Archive/softy-erp/backend/node_modules/jest-circus/build/jestAdapterInit.js:947:3)
    at /Users/mohammadnawfal/Desktop/Archive/softy-erp/backend/node_modules/jest-circus/build/jestAdapterInit.js:849:7
    at _runTestsForDescribeBlock (/Users/mohammadnawfal/Desktop/Archive/softy-erp/backend/node_modules/jest-circus/build/jestAdapterInit.js:862:11)
    at _runTestsForDescribeBlock (/Users/mohammadnawfal/Desktop/Archive/softy-erp/backend/node_modules/jest-circus/build/jestAdapterInit.js:857:11)
    at _runTestsForDescribeBlock (/Users/mohammadnawfal/Desktop/Archive/softy-erp/backend/node_modules/jest-circus/build/jestAdapterInit.js:857:11)
    at run (/Users/mohammadnawfal/Desktop/Archive/softy-erp/backend/node_modules/jest-circus/build/jestAdapterInit.js:761:3)
    at runAndTransformResultsToJestFormat (/Users/mohammadnawfal/Desktop/Archive/softy-erp/backend/node_modules/jest-circus/build/jestAdapterInit.js:1918:21)
    at jestAdapter (/Users/mohammadnawfal/Desktop/Archive/softy-erp/backend/node_modules/jest-circus/build/runner.js:101:19)
    at runTestInternal (/Users/mohammadnawfal/Desktop/Archive/softy-erp/backend/node_modules/jest-runner/build/testWorker.js:275:16)
    at runTest (/Users/mohammadnawfal/Desktop/Archive/softy-erp/backend/node_modules/jest-runner/build/testWorker.js:343:7)
    at Object.worker (/Users/mohammadnawfal/Desktop/Archive/softy-erp/backend/node_modules/jest-runner/build/testWorker.js:497:12)</failure>
      <failure>Error: thrown: &quot;Exceeded timeout of 30000 ms for a test while waiting for `done()` to be called.
Add a timeout value to this test to increase the timeout, if this is a long-running test. See https://jestjs.io/docs/api#testname-fn-timeout.&quot;
    at /Users/mohammadnawfal/Desktop/Archive/softy-erp/backend/src/common/interceptors/audit.interceptor.spec.ts:165:5
    at _dispatchDescribe (/Users/mohammadnawfal/Desktop/Archive/softy-erp/backend/node_modules/jest-circus/build/jestAdapterInit.js:604:26)
    at describe (/Users/mohammadnawfal/Desktop/Archive/softy-erp/backend/node_modules/jest-circus/build/jestAdapterInit.js:572:44)
    at /Users/mohammadnawfal/Desktop/Archive/softy-erp/backend/src/common/interceptors/audit.interceptor.spec.ts:72:3
    at _dispatchDescribe (/Users/mohammadnawfal/Desktop/Archive/softy-erp/backend/node_modules/jest-circus/build/jestAdapterInit.js:604:26)
    at describe (/Users/mohammadnawfal/Desktop/Archive/softy-erp/backend/node_modules/jest-circus/build/jestAdapterInit.js:572:44)
    at Object.&lt;anonymous&gt; (/Users/mohammadnawfal/Desktop/Archive/softy-erp/backend/src/common/interceptors/audit.interceptor.spec.ts:11:1)
    at Runtime._execModule (/Users/mohammadnawfal/Desktop/Archive/softy-erp/backend/node_modules/jest-runtime/build/index.js:1268:24)
    at Runtime._loadModule (/Users/mohammadnawfal/Desktop/Archive/softy-erp/backend/node_modules/jest-runtime/build/index.js:944:12)
    at Runtime.requireModule (/Users/mohammadnawfal/Desktop/Archive/softy-erp/backend/node_modules/jest-runtime/build/index.js:832:12)
    at jestAdapter (/Users/mohammadnawfal/Desktop/Archive/softy-erp/backend/node_modules/jest-circus/build/runner.js:95:13)
    at processTicksAndRejections (node:internal/process/task_queues:103:5)
    at runTestInternal (/Users/mohammadnawfal/Desktop/Archive/softy-erp/backend/node_modules/jest-runner/build/testWorker.js:275:16)
    at runTest (/Users/mohammadnawfal/Desktop/Archive/softy-erp/backend/node_modules/jest-runner/build/testWorker.js:343:7)
    at Object.worker (/Users/mohammadnawfal/Desktop/Archive/softy-erp/backend/node_modules/jest-runner/build/testWorker.js:497:12)</failure>
    </testcase>
    <testcase classname="AuditInterceptor intercept should handle x-forwarded-for header when TRUST_PROXY is true" name="AuditInterceptor intercept should handle x-forwarded-for header when TRUST_PROXY is true" time="0.003">
    </testcase>
    <testcase classname="AuditInterceptor intercept should handle audit service error gracefully" name="AuditInterceptor intercept should handle audit service error gracefully" time="0.054">
    </testcase>
  </testsuite>
</testsuites>